Using pre-set license
Built from '2020.2/staging' branch; Version is '2020.2.6f1 (8a2143876886) revision 9052483'; Using compiler version '192528614'; Build Type 'Release'
OS: 'Windows 10 Pro; OS build 19042.985; Version 2009; 64bit' Language: 'en' Physical Memory: 16319 MB
BatchMode: 1, IsHumanControllingUs: 0, StartBugReporterOnCrash: 0, Is64bit: 1, IsPro: 0

 COMMAND LINE ARGUMENTS:
C:\Program Files\Unity\Hub\Editor\2020.2.6f1\Editor\Unity.exe
-adb2
-batchMode
-noUpm
-name
AssetImportWorker0
-projectPath
D:/Lucas/Unity/PROJETOS/Est치gio Faculdade/Forte-Bertioga/Forte Bertioga 2021.1
-logFile
Logs/AssetImportWorker0.log
-srvPort
55474
Successfully changed project path to: D:/Lucas/Unity/PROJETOS/Est치gio Faculdade/Forte-Bertioga/Forte Bertioga 2021.1
D:/Lucas/Unity/PROJETOS/Est치gio Faculdade/Forte-Bertioga/Forte Bertioga 2021.1
Using Asset Import Pipeline V2.
Refreshing native plugins compatible for Editor in 38.88 ms, found 0 plugins.
Preloading 0 native plugins for Editor in 0.00 ms.
Initialize engine version: 2020.2.6f1 (8a2143876886)
[Subsystems] Discovering subsystems at path C:/Program Files/Unity/Hub/Editor/2020.2.6f1/Editor/Data/Resources/UnitySubsystems
[Subsystems] Discovering subsystems at path D:/Lucas/Unity/PROJETOS/Est치gio Faculdade/Forte-Bertioga/Forte Bertioga 2021.1/Assets
GfxDevice: creating device client; threaded=0
Direct3D:
    Version:  Direct3D 11.0 [level 11.1]
    Renderer: NVIDIA GeForce GTX 1660 (ID=0x2184)
    Vendor:   
    VRAM:     5991 MB
    Driver:   27.21.14.5671
Initialize mono
Mono path[0] = 'C:/Program Files/Unity/Hub/Editor/2020.2.6f1/Editor/Data/Managed'
Mono path[1] = 'C:/Program Files/Unity/Hub/Editor/2020.2.6f1/Editor/Data/MonoBleedingEdge/lib/mono/unityjit'
Mono config path = 'C:/Program Files/Unity/Hub/Editor/2020.2.6f1/Editor/Data/MonoBleedingEdge/etc'
Using monoOptions --debugger-agent=transport=dt_socket,embedding=1,server=y,suspend=n,address=127.0.0.1:56456
Begin MonoManager ReloadAssembly
Registering precompiled unity dll's ...
Register platform support module: C:/Program Files/Unity/Hub/Editor/2020.2.6f1/Editor/Data/PlaybackEngines/WebGLSupport/UnityEditor.WebGL.Extensions.dll
Register platform support module: C:/Program Files/Unity/Hub/Editor/2020.2.6f1/Editor/Data/PlaybackEngines/WindowsStandaloneSupport/UnityEditor.WindowsStandalone.Extensions.dll
Registered in 0.002903 seconds.
Native extension for WindowsStandalone target not found
Native extension for WebGL target not found
Refreshing native plugins compatible for Editor in 39.25 ms, found 0 plugins.
Preloading 0 native plugins for Editor in 0.00 ms.
Invoked RoslynAnalysisRunner static constructor.
RoslynAnalysisRunner will not be running.
RoslynAnalysisRunner has terminated.
Mono: successfully reloaded assembly
- Completed reload, in  1.101 seconds
Platform modules already initialized, skipping
Registering precompiled user dll's ...
Registered in 0.000759 seconds.
Begin MonoManager ReloadAssembly
Native extension for WindowsStandalone target not found
Native extension for WebGL target not found
Refreshing native plugins compatible for Editor in 40.76 ms, found 0 plugins.
Preloading 0 native plugins for Editor in 0.00 ms.
Invoked RoslynAnalysisRunner static constructor.
RoslynAnalysisRunner will not be running.
RoslynAnalysisRunner has terminated.
Mono: successfully reloaded assembly
- Completed reload, in  0.811 seconds
Platform modules already initialized, skipping
========================================================================
Worker process is ready to serve import requests
Shader 'Universal Render Pipeline/Particles/Lit': fallback shader 'Universal Render Pipeline/Particles/SimpleLit' not found
Shader 'Universal Render Pipeline/Particles/Lit': fallback shader 'Universal Render Pipeline/Particles/SimpleLit' not found
Launched and connected shader compiler UnityShaderCompiler.exe after 0.04 seconds
Refreshing native plugins compatible for Editor in 0.49 ms, found 0 plugins.
Preloading 0 native plugins for Editor in 0.00 ms.
Unloading 2409 Unused Serialized files (Serialized files now loaded: 0)
System memory in use before: 112.9 MB.
System memory in use after: 111.0 MB.

Unloading 40 unused Assets to reduce memory usage. Loaded Objects now: 2824.
Total: 2.993100 ms (FindLiveObjects: 0.299400 ms CreateObjectMapping: 0.064000 ms MarkObjects: 1.687200 ms  DeleteObjects: 0.941500 ms)

========================================================================
Received Import Request.
  path: Assets/Scenes/SampleScene.unity
  artifactKey: Guid(d1c3109bdb54ad54c8a2b2838528e640) Importer(815301076,1909f56bfc062723c751e8b465ee728b)
Start importing Assets/Scenes/SampleScene.unity using Guid(d1c3109bdb54ad54c8a2b2838528e640) Importer(815301076,1909f56bfc062723c751e8b465ee728b)  -> (artifact id: '4a93fa3fd6f185d5328d2209f54c6c1a') in 0.015604 seconds
  Import took 0.019367 seconds .

========================================================================
Received Import Request.
  Time since last request: 102.531341 seconds.
  path: Assets/Scenes/MovementPrototype.unity
  artifactKey: Guid(73cc1713852c55f44a97d6c0d5abb5fc) Importer(815301076,1909f56bfc062723c751e8b465ee728b)
Start importing Assets/Scenes/MovementPrototype.unity using Guid(73cc1713852c55f44a97d6c0d5abb5fc) Importer(815301076,1909f56bfc062723c751e8b465ee728b)  -> (artifact id: '38a4e38908e819a56e65f1da4a8e3b84') in 0.005846 seconds
  Import took 0.009703 seconds .

========================================================================
Received Import Request.
  Time since last request: 0.002802 seconds.
  path: Assets/Scenes/MovementPrototype.unity
  artifactKey: Guid(73cc1713852c55f44a97d6c0d5abb5fc) Importer(815301076,1909f56bfc062723c751e8b465ee728b)
Start importing Assets/Scenes/MovementPrototype.unity using Guid(73cc1713852c55f44a97d6c0d5abb5fc) Importer(815301076,1909f56bfc062723c751e8b465ee728b)  -> (artifact id: '38a4e38908e819a56e65f1da4a8e3b84') in 0.001629 seconds
  Import took 0.004844 seconds .

========================================================================
Received Prepare
Registering precompiled user dll's ...
Registered in 0.000906 seconds.
Begin MonoManager ReloadAssembly
Native extension for WindowsStandalone target not found
Native extension for WebGL target not found
Refreshing native plugins compatible for Editor in 0.43 ms, found 0 plugins.
Preloading 0 native plugins for Editor in 0.00 ms.
Invoked RoslynAnalysisRunner static constructor.
RoslynAnalysisRunner will not be running.
RoslynAnalysisRunner has terminated.
Mono: successfully reloaded assembly
- Completed reload, in  0.708 seconds
Platform modules already initialized, skipping
Shader 'Universal Render Pipeline/Particles/Lit': fallback shader 'Universal Render Pipeline/Particles/SimpleLit' not found
Shader 'Universal Render Pipeline/Particles/Lit': fallback shader 'Universal Render Pipeline/Particles/SimpleLit' not found
Refreshing native plugins compatible for Editor in 0.52 ms, found 0 plugins.
Preloading 0 native plugins for Editor in 0.00 ms.
Unloading 2342 Unused Serialized files (Serialized files now loaded: 0)
System memory in use before: 111.0 MB.
System memory in use after: 108.6 MB.

Unloading 48 unused Assets to reduce memory usage. Loaded Objects now: 2826.
Total: 3.136300 ms (FindLiveObjects: 0.273700 ms CreateObjectMapping: 0.071900 ms MarkObjects: 1.603200 ms  DeleteObjects: 1.186400 ms)

========================================================================
Received Prepare
Registering precompiled user dll's ...
Registered in 0.000803 seconds.
Begin MonoManager ReloadAssembly
Native extension for WindowsStandalone target not found
Native extension for WebGL target not found
Refreshing native plugins compatible for Editor in 0.45 ms, found 0 plugins.
Preloading 0 native plugins for Editor in 0.00 ms.
Invoked RoslynAnalysisRunner static constructor.
RoslynAnalysisRunner will not be running.
RoslynAnalysisRunner has terminated.
Mono: successfully reloaded assembly
- Completed reload, in  0.708 seconds
Platform modules already initialized, skipping
Shader 'Universal Render Pipeline/Particles/Lit': fallback shader 'Universal Render Pipeline/Particles/SimpleLit' not found
Shader 'Universal Render Pipeline/Particles/Lit': fallback shader 'Universal Render Pipeline/Particles/SimpleLit' not found
Refreshing native plugins compatible for Editor in 0.44 ms, found 0 plugins.
Preloading 0 native plugins for Editor in 0.00 ms.
Unloading 2342 Unused Serialized files (Serialized files now loaded: 0)
System memory in use before: 111.1 MB.
System memory in use after: 108.6 MB.

Unloading 48 unused Assets to reduce memory usage. Loaded Objects now: 2828.
Total: 3.870100 ms (FindLiveObjects: 0.274400 ms CreateObjectMapping: 0.071400 ms MarkObjects: 2.215600 ms  DeleteObjects: 1.307300 ms)

========================================================================
Received Prepare
Registering precompiled user dll's ...
Registered in 0.000947 seconds.
Begin MonoManager ReloadAssembly
Native extension for WindowsStandalone target not found
Native extension for WebGL target not found
Refreshing native plugins compatible for Editor in 0.43 ms, found 0 plugins.
Preloading 0 native plugins for Editor in 0.00 ms.
Invoked RoslynAnalysisRunner static constructor.
RoslynAnalysisRunner will not be running.
RoslynAnalysisRunner has terminated.
Mono: successfully reloaded assembly
- Completed reload, in  0.707 seconds
Platform modules already initialized, skipping
Shader 'Universal Render Pipeline/Particles/Lit': fallback shader 'Universal Render Pipeline/Particles/SimpleLit' not found
Shader 'Universal Render Pipeline/Particles/Lit': fallback shader 'Universal Render Pipeline/Particles/SimpleLit' not found
Refreshing native plugins compatible for Editor in 0.45 ms, found 0 plugins.
Preloading 0 native plugins for Editor in 0.00 ms.
Unloading 2342 Unused Serialized files (Serialized files now loaded: 0)
System memory in use before: 111.1 MB.
System memory in use after: 108.6 MB.

Unloading 48 unused Assets to reduce memory usage. Loaded Objects now: 2830.
Total: 3.477800 ms (FindLiveObjects: 0.311600 ms CreateObjectMapping: 0.076100 ms MarkObjects: 1.602000 ms  DeleteObjects: 1.487100 ms)

========================================================================
Received Import Request.
  Time since last request: 324.946020 seconds.
  path: Assets/Materials/Chao.mat
  artifactKey: Guid(0fd2275754bb1fd4fb1cfbaad9ec3b7f) Importer(815301076,1909f56bfc062723c751e8b465ee728b)
Start importing Assets/Materials/Chao.mat using Guid(0fd2275754bb1fd4fb1cfbaad9ec3b7f) Importer(815301076,1909f56bfc062723c751e8b465ee728b)  -> (artifact id: '06054d2280cf07b5ef5434cfeff5933b') in 0.182681 seconds
  Import took 0.186912 seconds .

========================================================================
Received Import Request.
  Time since last request: 18.653835 seconds.
  path: Assets/Materials/Player.mat
  artifactKey: Guid(ba97fca3a6cf6fb49976348d8c58eef2) Importer(815301076,1909f56bfc062723c751e8b465ee728b)
Start importing Assets/Materials/Player.mat using Guid(ba97fca3a6cf6fb49976348d8c58eef2) Importer(815301076,1909f56bfc062723c751e8b465ee728b)  -> (artifact id: '1996fe37b24d5f95fc2c54e24006e067') in 0.012044 seconds
  Import took 0.015965 seconds .

========================================================================
Received Prepare
Registering precompiled user dll's ...
Registered in 0.001075 seconds.
Begin MonoManager ReloadAssembly
Native extension for WindowsStandalone target not found
Native extension for WebGL target not found
Refreshing native plugins compatible for Editor in 0.46 ms, found 0 plugins.
Preloading 0 native plugins for Editor in 0.00 ms.
Invoked RoslynAnalysisRunner static constructor.
RoslynAnalysisRunner will not be running.
RoslynAnalysisRunner has terminated.
Mono: successfully reloaded assembly
- Completed reload, in  0.909 seconds
Platform modules already initialized, skipping
Shader 'Universal Render Pipeline/Particles/Lit': fallback shader 'Universal Render Pipeline/Particles/SimpleLit' not found
Shader 'Universal Render Pipeline/Particles/Lit': fallback shader 'Universal Render Pipeline/Particles/SimpleLit' not found
Refreshing native plugins compatible for Editor in 0.97 ms, found 0 plugins.
Preloading 0 native plugins for Editor in 0.00 ms.
Unloading 2342 Unused Serialized files (Serialized files now loaded: 0)
System memory in use before: 116.5 MB.
System memory in use after: 114.1 MB.

Unloading 48 unused Assets to reduce memory usage. Loaded Objects now: 2910.
Total: 4.646000 ms (FindLiveObjects: 0.377700 ms CreateObjectMapping: 0.070400 ms MarkObjects: 2.331000 ms  DeleteObjects: 1.865800 ms)

========================================================================
Received Prepare
Registering precompiled user dll's ...
Registered in 0.001123 seconds.
Begin MonoManager ReloadAssembly
Native extension for WindowsStandalone target not found
Native extension for WebGL target not found
Refreshing native plugins compatible for Editor in 0.51 ms, found 0 plugins.
Preloading 0 native plugins for Editor in 0.00 ms.
Invoked RoslynAnalysisRunner static constructor.
RoslynAnalysisRunner will not be running.
RoslynAnalysisRunner has terminated.
Mono: successfully reloaded assembly
- Completed reload, in  0.832 seconds
Platform modules already initialized, skipping
Shader 'Universal Render Pipeline/Particles/Lit': fallback shader 'Universal Render Pipeline/Particles/SimpleLit' not found
Shader 'Universal Render Pipeline/Particles/Lit': fallback shader 'Universal Render Pipeline/Particles/SimpleLit' not found
Refreshing native plugins compatible for Editor in 0.44 ms, found 0 plugins.
Preloading 0 native plugins for Editor in 0.00 ms.
Unloading 2342 Unused Serialized files (Serialized files now loaded: 0)
System memory in use before: 116.4 MB.
System memory in use after: 114.0 MB.

Unloading 48 unused Assets to reduce memory usage. Loaded Objects now: 2912.
Total: 3.765400 ms (FindLiveObjects: 0.329000 ms CreateObjectMapping: 0.065700 ms MarkObjects: 1.755600 ms  DeleteObjects: 1.614200 ms)

AssetImportWorkerClient::OnTransportError - code=2 error=End of file
